<testsuites id="" name="" tests="1" failures="0" skipped="0" errors="0" time="15.354678">
<testsuite name="ligthouse.spec.ts" timestamp="2024-09-09T06:52:01.486Z" hostname="chromium" tests="1" failures="0" skipped="0" time="13.081" errors="0">
<testcase name="Lighthouse audit › Audit TestSklep" classname="ligthouse.spec.ts" time="13.081">
<system-out>
<![CDATA[

[34m-------- playwright lighthouse audit reports --------[39m


[92mperformance record is 89 and desired threshold was 0.9[39m
[92maccessibility record is 94 and desired threshold was 0.9[39m
[92mbest-practices record is 100 and desired threshold was 0.9[39m
[92mseo record is 92 and desired threshold was 0.9[39m
[92mpwa record is undefined and desired threshold was 0.9[39m
]]>
</system-out>
</testcase>
</testsuite>
</testsuites>